
(wrapper-2.0:2216): GLib-GIO-CRITICAL **: 19:52:47.394: g_file_new_for_path: assertion 'path != NULL' failed

(wrapper-2.0:2216): GLib-GIO-CRITICAL **: 19:52:47.394: g_file_monitor_file: assertion 'G_IS_FILE (file)' failed

(wrapper-2.0:2216): GLib-GObject-WARNING **: 19:52:47.394: invalid (NULL) pointer instance

(wrapper-2.0:2216): GLib-GObject-CRITICAL **: 19:52:47.394: g_signal_connect_data: assertion 'G_TYPE_CHECK_INSTANCE (instance)' failed

(wrapper-2.0:2216): Gtk-WARNING **: 19:52:47.394: Attempting to add a widget with type GtkToggleButton to a container of type XfcePanelPlugin, but the widget is already inside a container of type XfcePanelPlugin, please remove the widget from its existing container first.

(wrapper-2.0:2217): Gtk-WARNING **: 19:52:47.410: Negative content width -1 (allocation 1, extents 1x1) while allocating gadget (node button, owner XfceArrowButton)

(wrapper-2.0:2215): Gtk-WARNING **: 19:52:47.410: Negative content width -3 (allocation 1, extents 2x2) while allocating gadget (node button, owner PulseaudioButton)

(wrapper-2.0:2216): Gtk-WARNING **: 19:52:47.410: Negative content width -3 (allocation 1, extents 2x2) while allocating gadget (node button, owner GtkToggleButton)
xfce4-panel-Message: 22:00:04.472: Plugin actions-14 has been automatically restarted after crash.
xfce4-panel-Message: 22:00:04.472: Plugin systray-6 has been automatically restarted after crash.
xfce4-panel-Message: 22:00:04.475: Plugin pulseaudio-8 has been automatically restarted after crash.
xfce4-panel-Message: 22:00:04.475: Plugin notification-plugin-10 has been automatically restarted after crash.

(wrapper-2.0:22080): GLib-GIO-CRITICAL **: 22:00:04.624: g_file_new_for_path: assertion 'path != NULL' failed

(wrapper-2.0:22080): GLib-GIO-CRITICAL **: 22:00:04.624: g_file_monitor_file: assertion 'G_IS_FILE (file)' failed

(wrapper-2.0:22080): GLib-GObject-WARNING **: 22:00:04.624: invalid (NULL) pointer instance

(wrapper-2.0:22080): GLib-GObject-CRITICAL **: 22:00:04.624: g_signal_connect_data: assertion 'G_TYPE_CHECK_INSTANCE (instance)' failed

(wrapper-2.0:22080): Gtk-WARNING **: 22:00:04.624: Attempting to add a widget with type GtkToggleButton to a container of type XfcePanelPlugin, but the widget is already inside a container of type XfcePanelPlugin, please remove the widget from its existing container first.

(wrapper-2.0:22080): Gtk-WARNING **: 22:00:04.640: Negative content width -3 (allocation 1, extents 2x2) while allocating gadget (node button, owner GtkToggleButton)

(wrapper-2.0:22079): Gtk-WARNING **: 22:00:04.641: Negative content width -3 (allocation 1, extents 2x2) while allocating gadget (node button, owner PulseaudioButton)

(wrapper-2.0:22077): Gtk-WARNING **: 22:00:04.644: Negative content width -1 (allocation 1, extents 1x1) while allocating gadget (node button, owner XfceArrowButton)
Gdk-Message: 22:00:28.092: xfce4-panel: Fatal IO error 4 (Interrupted system call) on X server :0.0.

